app/outputs/logs/manifest-merger-debug-report.txt
-- Merging decision tree log ---
manifest
ADDED from src\main\AndroidManifest.xml:2:1-47:12
INJECTED from src\main\AndroidManifest.xml:2:1-47:12
INJECTED from src\main\AndroidManifest.xml:2:1-47:12
INJECTED from src\main\AndroidManifest.xml:2:1-47:12
MERGED from [androidx.databinding:viewbinding:7.3.0] AndroidManifest.xml:2:1-9:12
MERGED from [:sdk] AndroidManifest.xml:2:1-9:12
MERGED from [com.google.android.material:material:1.6.1] AndroidManifest.xml:17:1-26:12
MERGED from [androidx.constraintlayout:constraintlayout:2.1.4] AndroidManifest.xml:2:1-11:12
MERGED from [androidx.camera:camera-view:1.2.0-beta01] AndroidManifest.xml:17:1-22:12
MERGED from [androidx.appcompat:appcompat-resources:1.5.1] AndroidManifest.xml:17:1-22:12
MERGED from [androidx.appcompat:appcompat:1.5.1] AndroidManifest.xml:17:1-22:12
MERGED from [androidx.viewpager2:viewpager2:1.0.0] AndroidManifest.xml:17:1-24:12
MERGED from [androidx.fragment:fragment:1.3.6] AndroidManifest.xml:17:1-24:12
MERGED from [androidx.activity:activity:1.5.1] AndroidManifest.xml:17:1-24:12
MERGED from [androidx.camera:camera-extensions:1.2.0-beta01] AndroidManifest.xml:17:1-34:12
MERGED from [androidx.camera:camera-camera2:1.2.0-beta01] AndroidManifest.xml:17:1-36:12
MERGED from [androidx.camera:camera-lifecycle:1.2.0-beta01] AndroidManifest.xml:17:1-22:12
MERGED from [androidx.camera:camera-video:1.2.0-beta01] AndroidManifest.xml:17:1-22:12
MERGED from [androidx.camera:camera-core:1.2.0-beta01] AndroidManifest.xml:17:1-36:12
MERGED from [androidx.dynamicanimation:dynamicanimation:1.0.0] AndroidManifest.xml:17:1-22:12
MERGED from [androidx.legacy:legacy-support-core-utils:1.0.0] AndroidManifest.xml:17:1-22:12
MERGED from [androidx.loader:loader:1.0.0] AndroidManifest.xml:17:1-22:12
MERGED from [androidx.lifecycle:lifecycle-livedata:2.1.0] AndroidManifest.xml:17:1-22:12
MERGED from [androidx.savedstate:savedstate:1.2.0] AndroidManifest.xml:17:1-24:12
MERGED from [androidx.lifecycle:lifecycle-livedata-core:2.6.0-alpha02] AndroidManifest.xml:17:1-22:12
MERGED from [androidx.lifecycle:lifecycle-viewmodel:2.6.0-alpha02] AndroidManifest.xml:17:1-22:12
MERGED from [androidx.lifecycle:lifecycle-viewmodel-savedstate:2.6.0-alpha02] AndroidManifest.xml:17:1-22:12
MERGED from [androidx.core:core-ktx:1.9.0] AndroidManifest.xml:2:1-7:12
MERGED from [androidx.emoji2:emoji2-views-helper:1.2.0] AndroidManifest.xml:2:1-7:12
MERGED from [androidx.emoji2:emoji2:1.2.0] AndroidManifest.xml:17:1-35:12
MERGED from [androidx.drawerlayout:drawerlayout:1.1.1] AndroidManifest.xml:17:1-24:12
MERGED from [androidx.coordinatorlayout:coordinatorlayout:1.1.0] AndroidManifest.xml:17:1-24:12
MERGED from [androidx.transition:transition:1.2.0] AndroidManifest.xml:17:1-24:12
MERGED from [androidx.vectordrawable:vectordrawable-animated:1.1.0] AndroidManifest.xml:17:1-24:12
MERGED from [androidx.vectordrawable:vectordrawable:1.1.0] AndroidManifest.xml:17:1-24:12
MERGED from [androidx.viewpager:viewpager:1.0.0] AndroidManifest.xml:17:1-22:12
MERGED from [androidx.recyclerview:recyclerview:1.1.0] AndroidManifest.xml:17:1-24:12
MERGED from [androidx.customview:customview:1.1.0] AndroidManifest.xml:17:1-24:12
MERGED from [androidx.core:core:1.9.0] AndroidManifest.xml:17:1-30:12
MERGED from [androidx.lifecycle:lifecycle-process:2.4.1] AndroidManifest.xml:17:1-37:12
MERGED from [androidx.lifecycle:lifecycle-runtime:2.6.0-alpha02] AndroidManifest.xml:2:1-7:12
MERGED from [androidx.lifecycle:lifecycle-runtime-ktx:2.6.0-alpha02] AndroidManifest.xml:17:1-22:12
MERGED from [org.pytorch:pytorch_android_torchvision:1.12.2] AndroidManifest.xml:2:1-10:12
MERGED from [org.pytorch:pytorch_android:1.12.2] AndroidManifest.xml:2:1-10:12
MERGED from [androidx.cursoradapter:cursoradapter:1.0.0] AndroidManifest.xml:17:1-22:12
MERGED from [androidx.cardview:cardview:1.0.0] AndroidManifest.xml:17:1-22:12
MERGED from [androidx.exifinterface:exifinterface:1.3.2] AndroidManifest.xml:17:1-24:12
MERGED from [androidx.versionedparcelable:versionedparcelable:1.1.1] AndroidManifest.xml:17:1-27:12
MERGED from [androidx.startup:startup-runtime:1.1.1] AndroidManifest.xml:17:1-33:12
MERGED from [androidx.tracing:tracing:1.0.0] AndroidManifest.xml:17:1-24:12
MERGED from [androidx.arch.core:core-runtime:2.1.0] AndroidManifest.xml:17:1-24:12
MERGED from [androidx.interpolator:interpolator:1.0.0] AndroidManifest.xml:17:1-22:12
MERGED from [androidx.documentfile:documentfile:1.0.0] AndroidManifest.xml:17:1-22:12
MERGED from [androidx.localbroadcastmanager:localbroadcastmanager:1.0.0] AndroidManifest.xml:17:1-22:12
MERGED from [androidx.print:print:1.0.0] AndroidManifest.xml:17:1-22:12
MERGED from [androidx.annotation:annotation-experimental:1.3.0] AndroidManifest.xml:17:1-22:12
INJECTED from src\main\AndroidManifest.xml:2:1-47:12
INJECTED from src\main\AndroidManifest.xml:2:1-47:12
INJECTED from src\main\AndroidManifest.xml:2:1-47:12
	package
		ADDED from src\main\AndroidManifest.xml:4:5-38
		INJECTED from src\main\AndroidManifest.xml
		INJECTED from src\main\AndroidManifest.xml
	android:versionName
		INJECTED from src\main\AndroidManifest.xml
		ADDED from src\main\AndroidManifest.xml:2:1-47:12
		INJECTED from src\main\AndroidManifest.xml
	xmlns:tools
		ADDED from src\main\AndroidManifest.xml:3:5-51
	android:versionCode
		INJECTED from src\main\AndroidManifest.xml
		ADDED from src\main\AndroidManifest.xml:2:1-47:12
		INJECTED from src\main\AndroidManifest.xml
	xmlns:android
		ADDED from src\main\AndroidManifest.xml:2:11-69
uses-feature#android.hardware.camera.any
ADDED from src\main\AndroidManifest.xml:6:5-64
	android:name
		ADDED from src\main\AndroidManifest.xml:6:19-61
uses-permission#android.permission.CAMERA
ADDED from src\main\AndroidManifest.xml:8:5-65
	android:name
		ADDED from src\main\AndroidManifest.xml:8:22-62
uses-permission#android.permission.WRITE_EXTERNAL_STORAGE
ADDED from src\main\AndroidManifest.xml:9:5-11:38
	android:maxSdkVersion
		ADDED from src\main\AndroidManifest.xml:11:9-35
	android:name
		ADDED from src\main\AndroidManifest.xml:10:9-65
queries
ADDED from src\main\AndroidManifest.xml:12:5-16:15
MERGED from [androidx.camera:camera-extensions:1.2.0-beta01] AndroidManifest.xml:22:5-26:15
MERGED from [androidx.camera:camera-extensions:1.2.0-beta01] AndroidManifest.xml:22:5-26:15
intent#action:name:android.media.action.IMAGE_CAPTURE
ADDED from src\main\AndroidManifest.xml:13:9-15:18
action#android.media.action.IMAGE_CAPTURE
ADDED from src\main\AndroidManifest.xml:14:13-73
	android:name
		ADDED from src\main\AndroidManifest.xml:14:21-70
application
ADDED from src\main\AndroidManifest.xml:18:5-45:19
MERGED from [com.google.android.material:material:1.6.1] AndroidManifest.xml:24:5-20
MERGED from [com.google.android.material:material:1.6.1] AndroidManifest.xml:24:5-20
MERGED from [androidx.constraintlayout:constraintlayout:2.1.4] AndroidManifest.xml:9:5-20
MERGED from [androidx.constraintlayout:constraintlayout:2.1.4] AndroidManifest.xml:9:5-20
MERGED from [androidx.camera:camera-extensions:1.2.0-beta01] AndroidManifest.xml:28:5-32:19
MERGED from [androidx.camera:camera-extensions:1.2.0-beta01] AndroidManifest.xml:28:5-32:19
MERGED from [androidx.camera:camera-camera2:1.2.0-beta01] AndroidManifest.xml:23:5-34:19
MERGED from [androidx.camera:camera-camera2:1.2.0-beta01] AndroidManifest.xml:23:5-34:19
MERGED from [androidx.camera:camera-core:1.2.0-beta01] AndroidManifest.xml:23:5-34:19
MERGED from [androidx.camera:camera-core:1.2.0-beta01] AndroidManifest.xml:23:5-34:19
MERGED from [androidx.emoji2:emoji2:1.2.0] AndroidManifest.xml:23:5-33:19
MERGED from [androidx.emoji2:emoji2:1.2.0] AndroidManifest.xml:23:5-33:19
MERGED from [androidx.core:core:1.9.0] AndroidManifest.xml:28:5-89
MERGED from [androidx.core:core:1.9.0] AndroidManifest.xml:28:5-89
MERGED from [androidx.lifecycle:lifecycle-process:2.4.1] AndroidManifest.xml:25:5-35:19
MERGED from [androidx.lifecycle:lifecycle-process:2.4.1] AndroidManifest.xml:25:5-35:19
MERGED from [androidx.versionedparcelable:versionedparcelable:1.1.1] AndroidManifest.xml:24:5-25:19
MERGED from [androidx.versionedparcelable:versionedparcelable:1.1.1] AndroidManifest.xml:24:5-25:19
MERGED from [androidx.startup:startup-runtime:1.1.1] AndroidManifest.xml:25:5-31:19
MERGED from [androidx.startup:startup-runtime:1.1.1] AndroidManifest.xml:25:5-31:19
	android:appComponentFactory
		ADDED from [androidx.core:core:1.9.0] AndroidManifest.xml:28:18-86
	android:supportsRtl
		ADDED from src\main\AndroidManifest.xml:26:9-35
	android:label
		ADDED from src\main\AndroidManifest.xml:24:9-41
	android:fullBackupContent
		ADDED from src\main\AndroidManifest.xml:21:9-54
	android:roundIcon
		ADDED from src\main\AndroidManifest.xml:25:9-54
	tools:targetApi
		ADDED from src\main\AndroidManifest.xml:28:9-29
	android:icon
		ADDED from src\main\AndroidManifest.xml:22:9-43
	android:allowBackup
		ADDED from src\main\AndroidManifest.xml:19:9-35
	android:theme
		ADDED from src\main\AndroidManifest.xml:27:9-49
	android:dataExtractionRules
		ADDED from src\main\AndroidManifest.xml:20:9-65
	android:name
		ADDED from src\main\AndroidManifest.xml:23:9-45
activity#com.example.cameraxdemo.DetailActivity
ADDED from src\main\AndroidManifest.xml:29:9-31:40
	android:exported
		ADDED from src\main\AndroidManifest.xml:31:13-37
	android:name
		ADDED from src\main\AndroidManifest.xml:30:13-43
activity#com.example.cameraxdemo.MainActivity
ADDED from src\main\AndroidManifest.xml:32:9-40:20
	android:exported
		ADDED from src\main\AndroidManifest.xml:34:13-36
	android:name
		ADDED from src\main\AndroidManifest.xml:33:13-41
intent-filter#action:name:android.intent.action.MAIN+category:name:android.intent.category.LAUNCHER
ADDED from src\main\AndroidManifest.xml:35:13-39:29
action#android.intent.action.MAIN
ADDED from src\main\AndroidManifest.xml:36:17-69
	android:name
		ADDED from src\main\AndroidManifest.xml:36:25-66
category#android.intent.category.LAUNCHER
ADDED from src\main\AndroidManifest.xml:38:17-77
	android:name
		ADDED from src\main\AndroidManifest.xml:38:27-74
meta-data#preloaded_fonts
ADDED from src\main\AndroidManifest.xml:42:9-44:57
	android:resource
		ADDED from src\main\AndroidManifest.xml:44:13-54
	android:name
		ADDED from src\main\AndroidManifest.xml:43:13-43
uses-sdk
INJECTED from src\main\AndroidManifest.xml reason: use-sdk injection requested
INJECTED from src\main\AndroidManifest.xml
INJECTED from src\main\AndroidManifest.xml
MERGED from [androidx.databinding:viewbinding:7.3.0] AndroidManifest.xml:5:5-7:41
MERGED from [androidx.databinding:viewbinding:7.3.0] AndroidManifest.xml:5:5-7:41
MERGED from [:sdk] AndroidManifest.xml:5:5-7:41
MERGED from [:sdk] AndroidManifest.xml:5:5-7:41
MERGED from [com.google.android.material:material:1.6.1] AndroidManifest.xml:20:5-22:41
MERGED from [com.google.android.material:material:1.6.1] AndroidManifest.xml:20:5-22:41
MERGED from [androidx.constraintlayout:constraintlayout:2.1.4] AndroidManifest.xml:5:5-7:41
MERGED from [androidx.constraintlayout:constraintlayout:2.1.4] AndroidManifest.xml:5:5-7:41
MERGED from [androidx.camera:camera-view:1.2.0-beta01] AndroidManifest.xml:20:5-44
MERGED from [androidx.camera:camera-view:1.2.0-beta01] AndroidManifest.xml:20:5-44
MERGED from [androidx.appcompat:appcompat-resources:1.5.1] AndroidManifest.xml:20:5-44
MERGED from [androidx.appcompat:appcompat-resources:1.5.1] AndroidManifest.xml:20:5-44
MERGED from [androidx.appcompat:appcompat:1.5.1] AndroidManifest.xml:20:5-44
MERGED from [androidx.appcompat:appcompat:1.5.1] AndroidManifest.xml:20:5-44
MERGED from [androidx.viewpager2:viewpager2:1.0.0] AndroidManifest.xml:20:5-22:41
MERGED from [androidx.viewpager2:viewpager2:1.0.0] AndroidManifest.xml:20:5-22:41
MERGED from [androidx.fragment:fragment:1.3.6] AndroidManifest.xml:20:5-22:41
MERGED from [androidx.fragment:fragment:1.3.6] AndroidManifest.xml:20:5-22:41
MERGED from [androidx.activity:activity:1.5.1] AndroidManifest.xml:20:5-22:41
MERGED from [androidx.activity:activity:1.5.1] AndroidManifest.xml:20:5-22:41
MERGED from [androidx.camera:camera-extensions:1.2.0-beta01] AndroidManifest.xml:20:5-44
MERGED from [androidx.camera:camera-extensions:1.2.0-beta01] AndroidManifest.xml:20:5-44
MERGED from [androidx.camera:camera-camera2:1.2.0-beta01] AndroidManifest.xml:21:5-44
MERGED from [androidx.camera:camera-camera2:1.2.0-beta01] AndroidManifest.xml:21:5-44
MERGED from [androidx.camera:camera-lifecycle:1.2.0-beta01] AndroidManifest.xml:20:5-44
MERGED from [androidx.camera:camera-lifecycle:1.2.0-beta01] AndroidManifest.xml:20:5-44
MERGED from [androidx.camera:camera-video:1.2.0-beta01] AndroidManifest.xml:20:5-44
MERGED from [androidx.camera:camera-video:1.2.0-beta01] AndroidManifest.xml:20:5-44
MERGED from [androidx.camera:camera-core:1.2.0-beta01] AndroidManifest.xml:21:5-44
MERGED from [androidx.camera:camera-core:1.2.0-beta01] AndroidManifest.xml:21:5-44
MERGED from [androidx.dynamicanimation:dynamicanimation:1.0.0] AndroidManifest.xml:20:5-44
MERGED from [androidx.dynamicanimation:dynamicanimation:1.0.0] AndroidManifest.xml:20:5-44
MERGED from [androidx.legacy:legacy-support-core-utils:1.0.0] AndroidManifest.xml:20:5-44
MERGED from [androidx.legacy:legacy-support-core-utils:1.0.0] AndroidManifest.xml:20:5-44
MERGED from [androidx.loader:loader:1.0.0] AndroidManifest.xml:20:5-44
MERGED from [androidx.loader:loader:1.0.0] AndroidManifest.xml:20:5-44
MERGED from [androidx.lifecycle:lifecycle-livedata:2.1.0] AndroidManifest.xml:20:5-44
MERGED from [androidx.lifecycle:lifecycle-livedata:2.1.0] AndroidManifest.xml:20:5-44
MERGED from [androidx.savedstate:savedstate:1.2.0] AndroidManifest.xml:20:5-22:41
MERGED from [androidx.savedstate:savedstate:1.2.0] AndroidManifest.xml:20:5-22:41
MERGED from [androidx.lifecycle:lifecycle-livedata-core:2.6.0-alpha02] AndroidManifest.xml:20:5-44
MERGED from [androidx.lifecycle:lifecycle-livedata-core:2.6.0-alpha02] AndroidManifest.xml:20:5-44
MERGED from [androidx.lifecycle:lifecycle-viewmodel:2.6.0-alpha02] AndroidManifest.xml:20:5-44
MERGED from [androidx.lifecycle:lifecycle-viewmodel:2.6.0-alpha02] AndroidManifest.xml:20:5-44
MERGED from [androidx.lifecycle:lifecycle-viewmodel-savedstate:2.6.0-alpha02] AndroidManifest.xml:20:5-44
MERGED from [androidx.lifecycle:lifecycle-viewmodel-savedstate:2.6.0-alpha02] AndroidManifest.xml:20:5-44
MERGED from [androidx.core:core-ktx:1.9.0] AndroidManifest.xml:5:5-44
MERGED from [androidx.core:core-ktx:1.9.0] AndroidManifest.xml:5:5-44
MERGED from [androidx.emoji2:emoji2-views-helper:1.2.0] AndroidManifest.xml:5:5-44
MERGED from [androidx.emoji2:emoji2-views-helper:1.2.0] AndroidManifest.xml:5:5-44
MERGED from [androidx.emoji2:emoji2:1.2.0] AndroidManifest.xml:21:5-44
MERGED from [androidx.emoji2:emoji2:1.2.0] AndroidManifest.xml:21:5-44
MERGED from [androidx.drawerlayout:drawerlayout:1.1.1] AndroidManifest.xml:20:5-22:41
MERGED from [androidx.drawerlayout:drawerlayout:1.1.1] AndroidManifest.xml:20:5-22:41
MERGED from [androidx.coordinatorlayout:coordinatorlayout:1.1.0] AndroidManifest.xml:20:5-22:41
MERGED from [androidx.coordinatorlayout:coordinatorlayout:1.1.0] AndroidManifest.xml:20:5-22:41
MERGED from [androidx.transition:transition:1.2.0] AndroidManifest.xml:20:5-22:41
MERGED from [androidx.transition:transition:1.2.0] AndroidManifest.xml:20:5-22:41
MERGED from [androidx.vectordrawable:vectordrawable-animated:1.1.0] AndroidManifest.xml:20:5-22:41
MERGED from [androidx.vectordrawable:vectordrawable-animated:1.1.0] AndroidManifest.xml:20:5-22:41
MERGED from [androidx.vectordrawable:vectordrawable:1.1.0] AndroidManifest.xml:20:5-22:41
MERGED from [androidx.vectordrawable:vectordrawable:1.1.0] AndroidManifest.xml:20:5-22:41
MERGED from [androidx.viewpager:viewpager:1.0.0] AndroidManifest.xml:20:5-44
MERGED from [androidx.viewpager:viewpager:1.0.0] AndroidManifest.xml:20:5-44
MERGED from [androidx.recyclerview:recyclerview:1.1.0] AndroidManifest.xml:20:5-22:41
MERGED from [androidx.recyclerview:recyclerview:1.1.0] AndroidManifest.xml:20:5-22:41
MERGED from [androidx.customview:customview:1.1.0] AndroidManifest.xml:20:5-22:41
MERGED from [androidx.customview:customview:1.1.0] AndroidManifest.xml:20:5-22:41
MERGED from [androidx.core:core:1.9.0] AndroidManifest.xml:20:5-44
MERGED from [androidx.core:core:1.9.0] AndroidManifest.xml:20:5-44
MERGED from [androidx.lifecycle:lifecycle-process:2.4.1] AndroidManifest.xml:21:5-23:41
MERGED from [androidx.lifecycle:lifecycle-process:2.4.1] AndroidManifest.xml:21:5-23:41
MERGED from [androidx.lifecycle:lifecycle-runtime:2.6.0-alpha02] AndroidManifest.xml:5:5-44
MERGED from [androidx.lifecycle:lifecycle-runtime:2.6.0-alpha02] AndroidManifest.xml:5:5-44
MERGED from [androidx.lifecycle:lifecycle-runtime-ktx:2.6.0-alpha02] AndroidManifest.xml:20:5-44
MERGED from [androidx.lifecycle:lifecycle-runtime-ktx:2.6.0-alpha02] AndroidManifest.xml:20:5-44
MERGED from [org.pytorch:pytorch_android_torchvision:1.12.2] AndroidManifest.xml:6:5-8:41
MERGED from [org.pytorch:pytorch_android_torchvision:1.12.2] AndroidManifest.xml:6:5-8:41
MERGED from [org.pytorch:pytorch_android:1.12.2] AndroidManifest.xml:6:5-8:41
MERGED from [org.pytorch:pytorch_android:1.12.2] AndroidManifest.xml:6:5-8:41
MERGED from [androidx.cursoradapter:cursoradapter:1.0.0] AndroidManifest.xml:20:5-44
MERGED from [androidx.cursoradapter:cursoradapter:1.0.0] AndroidManifest.xml:20:5-44
MERGED from [androidx.cardview:cardview:1.0.0] AndroidManifest.xml:20:5-44
MERGED from [androidx.cardview:cardview:1.0.0] AndroidManifest.xml:20:5-44
MERGED from [androidx.exifinterface:exifinterface:1.3.2] AndroidManifest.xml:20:5-22:41
MERGED from [androidx.exifinterface:exifinterface:1.3.2] AndroidManifest.xml:20:5-22:41
MERGED from [androidx.versionedparcelable:versionedparcelable:1.1.1] AndroidManifest.xml:20:5-22:41
MERGED from [androidx.versionedparcelable:versionedparcelable:1.1.1] AndroidManifest.xml:20:5-22:41
MERGED from [androidx.startup:startup-runtime:1.1.1] AndroidManifest.xml:21:5-23:41
MERGED from [androidx.startup:startup-runtime:1.1.1] AndroidManifest.xml:21:5-23:41
MERGED from [androidx.tracing:tracing:1.0.0] AndroidManifest.xml:20:5-22:41
MERGED from [androidx.tracing:tracing:1.0.0] AndroidManifest.xml:20:5-22:41
MERGED from [androidx.arch.core:core-runtime:2.1.0] AndroidManifest.xml:20:5-22:41
MERGED from [androidx.arch.core:core-runtime:2.1.0] AndroidManifest.xml:20:5-22:41
MERGED from [androidx.interpolator:interpolator:1.0.0] AndroidManifest.xml:20:5-44
MERGED from [androidx.interpolator:interpolator:1.0.0] AndroidManifest.xml:20:5-44
MERGED from [androidx.documentfile:documentfile:1.0.0] AndroidManifest.xml:20:5-44
MERGED from [androidx.documentfile:documentfile:1.0.0] AndroidManifest.xml:20:5-44
MERGED from [androidx.localbroadcastmanager:localbroadcastmanager:1.0.0] AndroidManifest.xml:20:5-44
MERGED from [androidx.localbroadcastmanager:localbroadcastmanager:1.0.0] AndroidManifest.xml:20:5-44
MERGED from [androidx.print:print:1.0.0] AndroidManifest.xml:20:5-44
MERGED from [androidx.print:print:1.0.0] AndroidManifest.xml:20:5-44
MERGED from [androidx.annotation:annotation-experimental:1.3.0] AndroidManifest.xml:20:5-44
MERGED from [androidx.annotation:annotation-experimental:1.3.0] AndroidManifest.xml:20:5-44
INJECTED from src\main\AndroidManifest.xml
INJECTED from src\main\AndroidManifest.xml
	android:targetSdkVersion
		INJECTED from src\main\AndroidManifest.xml
		ADDED from src\main\AndroidManifest.xml
		INJECTED from src\main\AndroidManifest.xml
	android:minSdkVersion
		INJECTED from src\main\AndroidManifest.xml
		ADDED from src\main\AndroidManifest.xml
		INJECTED from src\main\AndroidManifest.xml
intent#action:name:androidx.camera.extensions.action.VENDOR_ACTION
ADDED from [androidx.camera:camera-extensions:1.2.0-beta01] AndroidManifest.xml:23:9-25:18
action#androidx.camera.extensions.action.VENDOR_ACTION
ADDED from [androidx.camera:camera-extensions:1.2.0-beta01] AndroidManifest.xml:24:13-86
	android:name
		ADDED from [androidx.camera:camera-extensions:1.2.0-beta01] AndroidManifest.xml:24:21-83
uses-library#androidx.camera.extensions.impl
ADDED from [androidx.camera:camera-extensions:1.2.0-beta01] AndroidManifest.xml:29:9-31:40
	android:required
		ADDED from [androidx.camera:camera-extensions:1.2.0-beta01] AndroidManifest.xml:31:13-37
	android:name
		ADDED from [androidx.camera:camera-extensions:1.2.0-beta01] AndroidManifest.xml:30:13-59
service#androidx.camera.core.impl.MetadataHolderService
ADDED from [androidx.camera:camera-camera2:1.2.0-beta01] AndroidManifest.xml:24:9-33:19
MERGED from [androidx.camera:camera-core:1.2.0-beta01] AndroidManifest.xml:29:9-33:78
MERGED from [androidx.camera:camera-core:1.2.0-beta01] AndroidManifest.xml:29:9-33:78
	tools:node
		ADDED from [androidx.camera:camera-camera2:1.2.0-beta01] AndroidManifest.xml:29:13-31
	android:enabled
		ADDED from [androidx.camera:camera-camera2:1.2.0-beta01] AndroidManifest.xml:26:13-36
	android:exported
		ADDED from [androidx.camera:camera-camera2:1.2.0-beta01] AndroidManifest.xml:27:13-37
	tools:ignore
		ADDED from [androidx.camera:camera-camera2:1.2.0-beta01] AndroidManifest.xml:28:13-75
	android:name
		ADDED from [androidx.camera:camera-camera2:1.2.0-beta01] AndroidManifest.xml:25:13-75
meta-data#androidx.camera.core.impl.MetadataHolderService.DEFAULT_CONFIG_PROVIDER
ADDED from [androidx.camera:camera-camera2:1.2.0-beta01] AndroidManifest.xml:30:13-32:89
	android:value
		ADDED from [androidx.camera:camera-camera2:1.2.0-beta01] AndroidManifest.xml:32:17-86
	android:name
		ADDED from [androidx.camera:camera-camera2:1.2.0-beta01] AndroidManifest.xml:31:17-103
provider#androidx.startup.InitializationProvider
ADDED from [androidx.emoji2:emoji2:1.2.0] AndroidManifest.xml:24:9-32:20
MERGED from [androidx.lifecycle:lifecycle-process:2.4.1] AndroidManifest.xml:26:9-34:20
MERGED from [androidx.lifecycle:lifecycle-process:2.4.1] AndroidManifest.xml:26:9-34:20
MERGED from [androidx.startup:startup-runtime:1.1.1] AndroidManifest.xml:26:9-30:34
MERGED from [androidx.startup:startup-runtime:1.1.1] AndroidManifest.xml:26:9-30:34
	tools:node
		ADDED from [androidx.emoji2:emoji2:1.2.0] AndroidManifest.xml:28:13-31
	android:authorities
		ADDED from [androidx.emoji2:emoji2:1.2.0] AndroidManifest.xml:26:13-68
	android:exported
		ADDED from [androidx.emoji2:emoji2:1.2.0] AndroidManifest.xml:27:13-37
	android:name
		ADDED from [androidx.emoji2:emoji2:1.2.0] AndroidManifest.xml:25:13-67
meta-data#androidx.emoji2.text.EmojiCompatInitializer
ADDED from [androidx.emoji2:emoji2:1.2.0] AndroidManifest.xml:29:13-31:52
	android:value
		ADDED from [androidx.emoji2:emoji2:1.2.0] AndroidManifest.xml:31:17-49
	android:name
		ADDED from [androidx.emoji2:emoji2:1.2.0] AndroidManifest.xml:30:17-75
permission#${applicationId}.DYNAMIC_RECEIVER_NOT_EXPORTED_PERMISSION
ADDED from [androidx.core:core:1.9.0] AndroidManifest.xml:22:5-24:47
	android:protectionLevel
		ADDED from [androidx.core:core:1.9.0] AndroidManifest.xml:24:9-44
	android:name
		ADDED from [androidx.core:core:1.9.0] AndroidManifest.xml:23:9-81
permission#com.example.cameraxdemo.DYNAMIC_RECEIVER_NOT_EXPORTED_PERMISSION
ADDED from [androidx.core:core:1.9.0] AndroidManifest.xml:22:5-24:47
	android:protectionLevel
		ADDED from [androidx.core:core:1.9.0] AndroidManifest.xml:24:9-44
	android:name
		ADDED from [androidx.core:core:1.9.0] AndroidManifest.xml:23:9-81
uses-permission#${applicationId}.DYNAMIC_RECEIVER_NOT_EXPORTED_PERMISSION
ADDED from [androidx.core:core:1.9.0] AndroidManifest.xml:26:5-97
	android:name
		ADDED from [androidx.core:core:1.9.0] AndroidManifest.xml:26:22-94
uses-permission#com.example.cameraxdemo.DYNAMIC_RECEIVER_NOT_EXPORTED_PERMISSION
ADDED from [androidx.core:core:1.9.0] AndroidManifest.xml:26:5-97
	android:name
		ADDED from [androidx.core:core:1.9.0] AndroidManifest.xml:26:22-94
meta-data#androidx.lifecycle.ProcessLifecycleInitializer
ADDED from [androidx.lifecycle:lifecycle-process:2.4.1] AndroidManifest.xml:31:13-33:52
	android:value
		ADDED from [androidx.lifecycle:lifecycle-process:2.4.1] AndroidManifest.xml:33:17-49
	android:name
		ADDED from [androidx.lifecycle:lifecycle-process:2.4.1] AndroidManifest.xml:32:17-78